
==========================================================================
floorplan final report_tns
--------------------------------------------------------------------------
tns max 0.00

==========================================================================
floorplan final report_wns
--------------------------------------------------------------------------
wns max 0.00

==========================================================================
floorplan final report_worst_slack
--------------------------------------------------------------------------
worst slack max 0.18

==========================================================================
floorplan final report_clock_min_period
--------------------------------------------------------------------------
clk period_min = 4.82 fmax = 207.55

==========================================================================
floorplan final report_checks -path_delay min
--------------------------------------------------------------------------
Startpoint: core0.reg_next_pc[12]$_SDFFE_PN0P_
            (rising edge-triggered flip-flop clocked by clk)
Endpoint: core0.reg_next_pc[12]$_SDFFE_PN0P_
          (rising edge-triggered flip-flop clocked by clk)
Path Group: clk
Path Type: min

Fanout     Cap    Slew   Delay    Time   Description
-----------------------------------------------------------------------------
                  0.00    0.00    0.00   clock clk (rise edge)
                          0.00    0.00   clock network delay (ideal)
                  0.00    0.00    0.00 ^ core0.reg_next_pc[12]$_SDFFE_PN0P_/CLK (sky130_fd_sc_hd__dfxtp_1)
     2    0.00    0.06    0.30    0.30 ^ core0.reg_next_pc[12]$_SDFFE_PN0P_/Q (sky130_fd_sc_hd__dfxtp_1)
                                         core0.reg_next_pc[12] (net)
                  0.06    0.00    0.30 ^ _18075_/A (sky130_fd_sc_hd__nand2_1)
     1    0.00    0.03    0.05    0.34 v _18075_/Y (sky130_fd_sc_hd__nand2_1)
                                         _04721_ (net)
                  0.03    0.00    0.34 v _18082_/A (sky130_fd_sc_hd__nand2_1)
     1    0.00    0.03    0.04    0.38 ^ _18082_/Y (sky130_fd_sc_hd__nand2_1)
                                         _01500_ (net)
                  0.03    0.00    0.38 ^ core0.reg_next_pc[12]$_SDFFE_PN0P_/D (sky130_fd_sc_hd__dfxtp_1)
                                  0.38   data arrival time

                  0.00    0.00    0.00   clock clk (rise edge)
                          0.00    0.00   clock network delay (ideal)
                          0.00    0.00   clock reconvergence pessimism
                                  0.00 ^ core0.reg_next_pc[12]$_SDFFE_PN0P_/CLK (sky130_fd_sc_hd__dfxtp_1)
                         -0.03   -0.03   library hold time
                                 -0.03   data required time
-----------------------------------------------------------------------------
                                 -0.03   data required time
                                 -0.38   data arrival time
-----------------------------------------------------------------------------
                                  0.42   slack (MET)



==========================================================================
floorplan final report_checks -path_delay max
--------------------------------------------------------------------------
Startpoint: resetn (input port clocked by clk)
Endpoint: core1.mem_addr[10]$_DFFE_PP_
          (rising edge-triggered flip-flop clocked by clk)
Path Group: clk
Path Type: max

Fanout     Cap    Slew   Delay    Time   Description
-----------------------------------------------------------------------------
                  0.00    0.00    0.00   clock clk (rise edge)
                          0.00    0.00   clock network delay (ideal)
                          2.00    2.00 ^ input external delay
     1    0.00    0.00    0.00    2.00 ^ resetn (in)
                                         resetn (net)
                  0.00    0.00    2.00 ^ _09746_/A (sky130_fd_sc_hd__clkbuf_1)
     7    0.02    0.20    0.17    2.17 ^ _09746_/X (sky130_fd_sc_hd__clkbuf_1)
                                         _05402_ (net)
                  0.20    0.00    2.17 ^ _15599_/A (sky130_fd_sc_hd__clkbuf_1)
    10    0.02    0.28    0.27    2.45 ^ _15599_/X (sky130_fd_sc_hd__clkbuf_1)
                                         _02801_ (net)
                  0.28    0.00    2.45 ^ _15600_/A (sky130_fd_sc_hd__clkbuf_1)
    10    0.02    0.28    0.29    2.74 ^ _15600_/X (sky130_fd_sc_hd__clkbuf_1)
                                         _02802_ (net)
                  0.28    0.00    2.74 ^ _16337_/A (sky130_fd_sc_hd__clkbuf_1)
    10    0.02    0.25    0.26    3.00 ^ _16337_/X (sky130_fd_sc_hd__clkbuf_1)
                                         _03411_ (net)
                  0.25    0.00    3.00 ^ _16338_/A1 (sky130_fd_sc_hd__a21oi_1)
     1    0.00    0.09    0.09    3.10 v _16338_/Y (sky130_fd_sc_hd__a21oi_1)
                                         _03412_ (net)
                  0.09    0.00    3.10 v _16339_/B (sky130_fd_sc_hd__nor2_1)
    30    0.10    1.74    1.31    4.40 ^ _16339_/Y (sky130_fd_sc_hd__nor2_1)
                                         _00043_ (net)
                  1.74    0.00    4.40 ^ core1.mem_addr[10]$_DFFE_PP_/DE (sky130_fd_sc_hd__edfxtp_1)
                                  4.40   data arrival time

                  0.00    5.00    5.00   clock clk (rise edge)
                          0.00    5.00   clock network delay (ideal)
                          0.00    5.00   clock reconvergence pessimism
                                  5.00 ^ core1.mem_addr[10]$_DFFE_PP_/CLK (sky130_fd_sc_hd__edfxtp_1)
                         -0.42    4.58   library setup time
                                  4.58   data required time
-----------------------------------------------------------------------------
                                  4.58   data required time
                                 -4.40   data arrival time
-----------------------------------------------------------------------------
                                  0.18   slack (MET)



==========================================================================
floorplan final report_checks -unconstrained
--------------------------------------------------------------------------
Startpoint: resetn (input port clocked by clk)
Endpoint: core1.mem_addr[10]$_DFFE_PP_
          (rising edge-triggered flip-flop clocked by clk)
Path Group: clk
Path Type: max

Fanout     Cap    Slew   Delay    Time   Description
-----------------------------------------------------------------------------
                  0.00    0.00    0.00   clock clk (rise edge)
                          0.00    0.00   clock network delay (ideal)
                          2.00    2.00 ^ input external delay
     1    0.00    0.00    0.00    2.00 ^ resetn (in)
                                         resetn (net)
                  0.00    0.00    2.00 ^ _09746_/A (sky130_fd_sc_hd__clkbuf_1)
     7    0.02    0.20    0.17    2.17 ^ _09746_/X (sky130_fd_sc_hd__clkbuf_1)
                                         _05402_ (net)
                  0.20    0.00    2.17 ^ _15599_/A (sky130_fd_sc_hd__clkbuf_1)
    10    0.02    0.28    0.27    2.45 ^ _15599_/X (sky130_fd_sc_hd__clkbuf_1)
                                         _02801_ (net)
                  0.28    0.00    2.45 ^ _15600_/A (sky130_fd_sc_hd__clkbuf_1)
    10    0.02    0.28    0.29    2.74 ^ _15600_/X (sky130_fd_sc_hd__clkbuf_1)
                                         _02802_ (net)
                  0.28    0.00    2.74 ^ _16337_/A (sky130_fd_sc_hd__clkbuf_1)
    10    0.02    0.25    0.26    3.00 ^ _16337_/X (sky130_fd_sc_hd__clkbuf_1)
                                         _03411_ (net)
                  0.25    0.00    3.00 ^ _16338_/A1 (sky130_fd_sc_hd__a21oi_1)
     1    0.00    0.09    0.09    3.10 v _16338_/Y (sky130_fd_sc_hd__a21oi_1)
                                         _03412_ (net)
                  0.09    0.00    3.10 v _16339_/B (sky130_fd_sc_hd__nor2_1)
    30    0.10    1.74    1.31    4.40 ^ _16339_/Y (sky130_fd_sc_hd__nor2_1)
                                         _00043_ (net)
                  1.74    0.00    4.40 ^ core1.mem_addr[10]$_DFFE_PP_/DE (sky130_fd_sc_hd__edfxtp_1)
                                  4.40   data arrival time

                  0.00    5.00    5.00   clock clk (rise edge)
                          0.00    5.00   clock network delay (ideal)
                          0.00    5.00   clock reconvergence pessimism
                                  5.00 ^ core1.mem_addr[10]$_DFFE_PP_/CLK (sky130_fd_sc_hd__edfxtp_1)
                         -0.42    4.58   library setup time
                                  4.58   data required time
-----------------------------------------------------------------------------
                                  4.58   data required time
                                 -4.40   data arrival time
-----------------------------------------------------------------------------
                                  0.18   slack (MET)



==========================================================================
floorplan final report_power
--------------------------------------------------------------------------
Group                  Internal  Switching    Leakage      Total
                          Power      Power      Power      Power (Watts)
----------------------------------------------------------------
Sequential             3.02e-02   2.07e-04   2.88e-08   3.04e-02  84.3%
Combinational          3.10e-03   2.58e-03   2.92e-08   5.68e-03  15.7%
Clock                  0.00e+00   0.00e+00   0.00e+00   0.00e+00   0.0%
Macro                  0.00e+00   0.00e+00   0.00e+00   0.00e+00   0.0%
Pad                    0.00e+00   0.00e+00   0.00e+00   0.00e+00   0.0%
----------------------------------------------------------------
Total                  3.33e-02   2.79e-03   5.80e-08   3.61e-02 100.0%
                          92.3%       7.7%       0.0%
