
==========================================================================
detailed place report_tns
--------------------------------------------------------------------------
tns max 0.00

==========================================================================
detailed place report_wns
--------------------------------------------------------------------------
wns max 0.00

==========================================================================
detailed place report_worst_slack
--------------------------------------------------------------------------
worst slack max 0.02

==========================================================================
detailed place report_clock_min_period
--------------------------------------------------------------------------
clk period_min = 4.98 fmax = 200.97

==========================================================================
detailed place report_checks -path_delay min
--------------------------------------------------------------------------
Startpoint: core0.instr_and$_SDFFE_PN0P_
            (rising edge-triggered flip-flop clocked by clk)
Endpoint: core0.instr_and$_SDFFE_PN0P_
          (rising edge-triggered flip-flop clocked by clk)
Path Group: clk
Path Type: min

Fanout     Cap    Slew   Delay    Time   Description
-----------------------------------------------------------------------------
                  0.00    0.00    0.00   clock clk (rise edge)
                          0.00    0.00   clock network delay (ideal)
                  0.00    0.00    0.00 ^ core0.instr_and$_SDFFE_PN0P_/CLK (sky130_fd_sc_hd__dfxtp_1)
     2    0.00    0.06    0.30    0.30 ^ core0.instr_and$_SDFFE_PN0P_/Q (sky130_fd_sc_hd__dfxtp_1)
                                         core0.instr_and (net)
                  0.06    0.00    0.30 ^ _17574_/A (sky130_fd_sc_hd__nand2_1)
     1    0.00    0.03    0.04    0.34 v _17574_/Y (sky130_fd_sc_hd__nand2_1)
                                         _04302_ (net)
                  0.03    0.00    0.34 v _17575_/B1 (sky130_fd_sc_hd__o21ai_0)
     1    0.00    0.06    0.06    0.40 ^ _17575_/Y (sky130_fd_sc_hd__o21ai_0)
                                         _01418_ (net)
                  0.06    0.00    0.40 ^ core0.instr_and$_SDFFE_PN0P_/D (sky130_fd_sc_hd__dfxtp_1)
                                  0.40   data arrival time

                  0.00    0.00    0.00   clock clk (rise edge)
                          0.00    0.00   clock network delay (ideal)
                          0.00    0.00   clock reconvergence pessimism
                                  0.00 ^ core0.instr_and$_SDFFE_PN0P_/CLK (sky130_fd_sc_hd__dfxtp_1)
                         -0.04   -0.04   library hold time
                                 -0.04   data required time
-----------------------------------------------------------------------------
                                 -0.04   data required time
                                 -0.40   data arrival time
-----------------------------------------------------------------------------
                                  0.44   slack (MET)



==========================================================================
detailed place report_checks -path_delay max
--------------------------------------------------------------------------
Startpoint: core0.decoded_imm[4]$_SDFFCE_PN0P_
            (rising edge-triggered flip-flop clocked by clk)
Endpoint: core0.reg_out[21]$_DFF_P_
          (rising edge-triggered flip-flop clocked by clk)
Path Group: clk
Path Type: max

Fanout     Cap    Slew   Delay    Time   Description
-----------------------------------------------------------------------------
                  0.00    0.00    0.00   clock clk (rise edge)
                          0.00    0.00   clock network delay (ideal)
                  0.00    0.00    0.00 ^ core0.decoded_imm[4]$_SDFFCE_PN0P_/CLK (sky130_fd_sc_hd__edfxtp_1)
     3    0.04    0.21    0.52    0.52 v core0.decoded_imm[4]$_SDFFCE_PN0P_/Q (sky130_fd_sc_hd__edfxtp_1)
                                         core0.decoded_imm[4] (net)
                  0.21    0.00    0.52 v _19257_/A (sky130_fd_sc_hd__ha_1)
     2    0.01    0.09    0.33    0.85 v _19257_/COUT (sky130_fd_sc_hd__ha_1)
                                         _00967_ (net)
                  0.09    0.00    0.85 v _13459_/C1 (sky130_fd_sc_hd__a2111oi_0)
     1    0.02    1.32    1.10    1.95 ^ _13459_/Y (sky130_fd_sc_hd__a2111oi_0)
                                         _08639_ (net)
                  1.32    0.00    1.95 ^ _13460_/B1 (sky130_fd_sc_hd__o21ai_1)
     4    0.03    0.48    0.55    2.50 v _13460_/Y (sky130_fd_sc_hd__o21ai_1)
                                         _08640_ (net)
                  0.48    0.00    2.50 v _13588_/A3 (sky130_fd_sc_hd__a41oi_1)
     3    0.01    0.38    0.54    3.05 ^ _13588_/Y (sky130_fd_sc_hd__a41oi_1)
                                         _08757_ (net)
                  0.38    0.00    3.05 ^ _13589_/A (sky130_fd_sc_hd__nor2b_1)
     2    0.01    0.09    0.11    3.15 v _13589_/Y (sky130_fd_sc_hd__nor2b_1)
                                         _08758_ (net)
                  0.09    0.00    3.15 v _13590_/A2 (sky130_fd_sc_hd__o21a_1)
     2    0.01    0.05    0.20    3.36 v _13590_/X (sky130_fd_sc_hd__o21a_1)
                                         _08759_ (net)
                  0.05    0.00    3.36 v _13591_/B (sky130_fd_sc_hd__nor2_1)
     2    0.01    0.17    0.15    3.51 ^ _13591_/Y (sky130_fd_sc_hd__nor2_1)
                                         _08760_ (net)
                  0.17    0.00    3.51 ^ _13592_/A2 (sky130_fd_sc_hd__o21bai_1)
     2    0.03    0.21    0.21    3.72 v _13592_/Y (sky130_fd_sc_hd__o21bai_1)
                                         _08761_ (net)
                  0.21    0.00    3.72 v _13602_/A4 (sky130_fd_sc_hd__a41oi_1)
     1    0.01    0.31    0.39    4.10 ^ _13602_/Y (sky130_fd_sc_hd__a41oi_1)
                                         _08771_ (net)
                  0.31    0.00    4.10 ^ _13603_/B (sky130_fd_sc_hd__xor2_1)
     1    0.03    0.56    0.51    4.61 ^ _13603_/X (sky130_fd_sc_hd__xor2_1)
                                         _08772_ (net)
                  0.56    0.00    4.61 ^ _13607_/B1 (sky130_fd_sc_hd__o221ai_1)
     1    0.00    0.13    0.21    4.82 v _13607_/Y (sky130_fd_sc_hd__o221ai_1)
                                         _01698_ (net)
                  0.13    0.00    4.82 v core0.reg_out[21]$_DFF_P_/D (sky130_fd_sc_hd__dfxtp_1)
                                  4.82   data arrival time

                  0.00    5.00    5.00   clock clk (rise edge)
                          0.00    5.00   clock network delay (ideal)
                          0.00    5.00   clock reconvergence pessimism
                                  5.00 ^ core0.reg_out[21]$_DFF_P_/CLK (sky130_fd_sc_hd__dfxtp_1)
                         -0.16    4.84   library setup time
                                  4.84   data required time
-----------------------------------------------------------------------------
                                  4.84   data required time
                                 -4.82   data arrival time
-----------------------------------------------------------------------------
                                  0.02   slack (MET)



==========================================================================
detailed place report_checks -unconstrained
--------------------------------------------------------------------------
Startpoint: core0.decoded_imm[4]$_SDFFCE_PN0P_
            (rising edge-triggered flip-flop clocked by clk)
Endpoint: core0.reg_out[21]$_DFF_P_
          (rising edge-triggered flip-flop clocked by clk)
Path Group: clk
Path Type: max

Fanout     Cap    Slew   Delay    Time   Description
-----------------------------------------------------------------------------
                  0.00    0.00    0.00   clock clk (rise edge)
                          0.00    0.00   clock network delay (ideal)
                  0.00    0.00    0.00 ^ core0.decoded_imm[4]$_SDFFCE_PN0P_/CLK (sky130_fd_sc_hd__edfxtp_1)
     3    0.04    0.21    0.52    0.52 v core0.decoded_imm[4]$_SDFFCE_PN0P_/Q (sky130_fd_sc_hd__edfxtp_1)
                                         core0.decoded_imm[4] (net)
                  0.21    0.00    0.52 v _19257_/A (sky130_fd_sc_hd__ha_1)
     2    0.01    0.09    0.33    0.85 v _19257_/COUT (sky130_fd_sc_hd__ha_1)
                                         _00967_ (net)
                  0.09    0.00    0.85 v _13459_/C1 (sky130_fd_sc_hd__a2111oi_0)
     1    0.02    1.32    1.10    1.95 ^ _13459_/Y (sky130_fd_sc_hd__a2111oi_0)
                                         _08639_ (net)
                  1.32    0.00    1.95 ^ _13460_/B1 (sky130_fd_sc_hd__o21ai_1)
     4    0.03    0.48    0.55    2.50 v _13460_/Y (sky130_fd_sc_hd__o21ai_1)
                                         _08640_ (net)
                  0.48    0.00    2.50 v _13588_/A3 (sky130_fd_sc_hd__a41oi_1)
     3    0.01    0.38    0.54    3.05 ^ _13588_/Y (sky130_fd_sc_hd__a41oi_1)
                                         _08757_ (net)
                  0.38    0.00    3.05 ^ _13589_/A (sky130_fd_sc_hd__nor2b_1)
     2    0.01    0.09    0.11    3.15 v _13589_/Y (sky130_fd_sc_hd__nor2b_1)
                                         _08758_ (net)
                  0.09    0.00    3.15 v _13590_/A2 (sky130_fd_sc_hd__o21a_1)
     2    0.01    0.05    0.20    3.36 v _13590_/X (sky130_fd_sc_hd__o21a_1)
                                         _08759_ (net)
                  0.05    0.00    3.36 v _13591_/B (sky130_fd_sc_hd__nor2_1)
     2    0.01    0.17    0.15    3.51 ^ _13591_/Y (sky130_fd_sc_hd__nor2_1)
                                         _08760_ (net)
                  0.17    0.00    3.51 ^ _13592_/A2 (sky130_fd_sc_hd__o21bai_1)
     2    0.03    0.21    0.21    3.72 v _13592_/Y (sky130_fd_sc_hd__o21bai_1)
                                         _08761_ (net)
                  0.21    0.00    3.72 v _13602_/A4 (sky130_fd_sc_hd__a41oi_1)
     1    0.01    0.31    0.39    4.10 ^ _13602_/Y (sky130_fd_sc_hd__a41oi_1)
                                         _08771_ (net)
                  0.31    0.00    4.10 ^ _13603_/B (sky130_fd_sc_hd__xor2_1)
     1    0.03    0.56    0.51    4.61 ^ _13603_/X (sky130_fd_sc_hd__xor2_1)
                                         _08772_ (net)
                  0.56    0.00    4.61 ^ _13607_/B1 (sky130_fd_sc_hd__o221ai_1)
     1    0.00    0.13    0.21    4.82 v _13607_/Y (sky130_fd_sc_hd__o221ai_1)
                                         _01698_ (net)
                  0.13    0.00    4.82 v core0.reg_out[21]$_DFF_P_/D (sky130_fd_sc_hd__dfxtp_1)
                                  4.82   data arrival time

                  0.00    5.00    5.00   clock clk (rise edge)
                          0.00    5.00   clock network delay (ideal)
                          0.00    5.00   clock reconvergence pessimism
                                  5.00 ^ core0.reg_out[21]$_DFF_P_/CLK (sky130_fd_sc_hd__dfxtp_1)
                         -0.16    4.84   library setup time
                                  4.84   data required time
-----------------------------------------------------------------------------
                                  4.84   data required time
                                 -4.82   data arrival time
-----------------------------------------------------------------------------
                                  0.02   slack (MET)



==========================================================================
detailed place report_check_types -max_slew -max_cap -max_fanout -violators
--------------------------------------------------------------------------

==========================================================================
detailed place max_slew_check_slack
--------------------------------------------------------------------------
0.1414063423871994

==========================================================================
detailed place max_slew_check_limit
--------------------------------------------------------------------------
1.46219003200531

==========================================================================
detailed place max_slew_check_slack_limit
--------------------------------------------------------------------------
0.0967

==========================================================================
detailed place max_fanout_check_slack
--------------------------------------------------------------------------
1.0000000150474662e+30

==========================================================================
detailed place max_fanout_check_limit
--------------------------------------------------------------------------
1.0000000150474662e+30

==========================================================================
detailed place max_capacitance_check_slack
--------------------------------------------------------------------------
0.001569485990330577

==========================================================================
detailed place max_capacitance_check_limit
--------------------------------------------------------------------------
0.021067000925540924

==========================================================================
detailed place max_capacitance_check_slack_limit
--------------------------------------------------------------------------
0.0745

==========================================================================
detailed place max_slew_violation_count
--------------------------------------------------------------------------
max slew violation count 0

==========================================================================
detailed place max_fanout_violation_count
--------------------------------------------------------------------------
max fanout violation count 0

==========================================================================
detailed place max_cap_violation_count
--------------------------------------------------------------------------
max cap violation count 0

==========================================================================
detailed place setup_violation_count
--------------------------------------------------------------------------
setup violation count 0

==========================================================================
detailed place hold_violation_count
--------------------------------------------------------------------------
hold violation count 0

==========================================================================
detailed place report_checks -path_delay max reg to reg
--------------------------------------------------------------------------
Startpoint: core0.decoded_imm[4]$_SDFFCE_PN0P_
            (rising edge-triggered flip-flop clocked by clk)
Endpoint: core0.reg_out[21]$_DFF_P_
          (rising edge-triggered flip-flop clocked by clk)
Path Group: clk
Path Type: max

  Delay    Time   Description
---------------------------------------------------------
   0.00    0.00   clock clk (rise edge)
   0.00    0.00   clock network delay (ideal)
   0.00    0.00 ^ core0.decoded_imm[4]$_SDFFCE_PN0P_/CLK (sky130_fd_sc_hd__edfxtp_1)
   0.52    0.52 v core0.decoded_imm[4]$_SDFFCE_PN0P_/Q (sky130_fd_sc_hd__edfxtp_1)
   0.33    0.85 v _19257_/COUT (sky130_fd_sc_hd__ha_1)
   1.10    1.95 ^ _13459_/Y (sky130_fd_sc_hd__a2111oi_0)
   0.55    2.50 v _13460_/Y (sky130_fd_sc_hd__o21ai_1)
   0.55    3.05 ^ _13588_/Y (sky130_fd_sc_hd__a41oi_1)
   0.11    3.15 v _13589_/Y (sky130_fd_sc_hd__nor2b_1)
   0.20    3.36 v _13590_/X (sky130_fd_sc_hd__o21a_1)
   0.15    3.51 ^ _13591_/Y (sky130_fd_sc_hd__nor2_1)
   0.21    3.72 v _13592_/Y (sky130_fd_sc_hd__o21bai_1)
   0.39    4.10 ^ _13602_/Y (sky130_fd_sc_hd__a41oi_1)
   0.51    4.61 ^ _13603_/X (sky130_fd_sc_hd__xor2_1)
   0.21    4.82 v _13607_/Y (sky130_fd_sc_hd__o221ai_1)
   0.00    4.82 v core0.reg_out[21]$_DFF_P_/D (sky130_fd_sc_hd__dfxtp_1)
           4.82   data arrival time

   5.00    5.00   clock clk (rise edge)
   0.00    5.00   clock network delay (ideal)
   0.00    5.00   clock reconvergence pessimism
           5.00 ^ core0.reg_out[21]$_DFF_P_/CLK (sky130_fd_sc_hd__dfxtp_1)
  -0.16    4.84   library setup time
           4.84   data required time
---------------------------------------------------------
           4.84   data required time
          -4.82   data arrival time
---------------------------------------------------------
           0.02   slack (MET)



==========================================================================
detailed place report_checks -path_delay min reg to reg
--------------------------------------------------------------------------
Startpoint: core0.instr_and$_SDFFE_PN0P_
            (rising edge-triggered flip-flop clocked by clk)
Endpoint: core0.instr_and$_SDFFE_PN0P_
          (rising edge-triggered flip-flop clocked by clk)
Path Group: clk
Path Type: min

  Delay    Time   Description
---------------------------------------------------------
   0.00    0.00   clock clk (rise edge)
   0.00    0.00   clock network delay (ideal)
   0.00    0.00 ^ core0.instr_and$_SDFFE_PN0P_/CLK (sky130_fd_sc_hd__dfxtp_1)
   0.30    0.30 ^ core0.instr_and$_SDFFE_PN0P_/Q (sky130_fd_sc_hd__dfxtp_1)
   0.04    0.34 v _17574_/Y (sky130_fd_sc_hd__nand2_1)
   0.06    0.40 ^ _17575_/Y (sky130_fd_sc_hd__o21ai_0)
   0.00    0.40 ^ core0.instr_and$_SDFFE_PN0P_/D (sky130_fd_sc_hd__dfxtp_1)
           0.40   data arrival time

   0.00    0.00   clock clk (rise edge)
   0.00    0.00   clock network delay (ideal)
   0.00    0.00   clock reconvergence pessimism
           0.00 ^ core0.instr_and$_SDFFE_PN0P_/CLK (sky130_fd_sc_hd__dfxtp_1)
  -0.04   -0.04   library hold time
          -0.04   data required time
---------------------------------------------------------
          -0.04   data required time
          -0.40   data arrival time
---------------------------------------------------------
           0.44   slack (MET)



==========================================================================
detailed place critical path target clock latency max path
--------------------------------------------------------------------------
0.0000

==========================================================================
detailed place critical path target clock latency min path
--------------------------------------------------------------------------
0.0000

==========================================================================
detailed place critical path source clock latency min path
--------------------------------------------------------------------------
0.0000

==========================================================================
detailed place critical path delay
--------------------------------------------------------------------------
4.8182

==========================================================================
detailed place critical path slack
--------------------------------------------------------------------------
0.0242

==========================================================================
detailed place slack div critical path delay
--------------------------------------------------------------------------
0.502262

==========================================================================
detailed place report_power
--------------------------------------------------------------------------
Group                  Internal  Switching    Leakage      Total
                          Power      Power      Power      Power (Watts)
----------------------------------------------------------------
Sequential             3.02e-02   8.50e-04   2.88e-08   3.10e-02  76.7%
Combinational          3.68e-03   5.76e-03   3.23e-08   9.44e-03  23.3%
Clock                  0.00e+00   0.00e+00   0.00e+00   0.00e+00   0.0%
Macro                  0.00e+00   0.00e+00   0.00e+00   0.00e+00   0.0%
Pad                    0.00e+00   0.00e+00   0.00e+00   0.00e+00   0.0%
----------------------------------------------------------------
Total                  3.39e-02   6.61e-03   6.11e-08   4.05e-02 100.0%
                          83.7%      16.3%       0.0%
