
==========================================================================
global place report_tns
--------------------------------------------------------------------------
tns max 0.00

==========================================================================
global place report_wns
--------------------------------------------------------------------------
wns max 0.00

==========================================================================
global place report_worst_slack
--------------------------------------------------------------------------
worst slack max 0.05

==========================================================================
global place report_clock_min_period
--------------------------------------------------------------------------
clk period_min = 4.95 fmax = 202.17

==========================================================================
global place report_checks -path_delay min
--------------------------------------------------------------------------
Startpoint: core0.instr_and$_SDFFE_PN0P_
            (rising edge-triggered flip-flop clocked by clk)
Endpoint: core0.instr_and$_SDFFE_PN0P_
          (rising edge-triggered flip-flop clocked by clk)
Path Group: clk
Path Type: min

Fanout     Cap    Slew   Delay    Time   Description
-----------------------------------------------------------------------------
                  0.00    0.00    0.00   clock clk (rise edge)
                          0.00    0.00   clock network delay (ideal)
                  0.00    0.00    0.00 ^ core0.instr_and$_SDFFE_PN0P_/CLK (sky130_fd_sc_hd__dfxtp_1)
     2    0.00    0.05    0.29    0.29 ^ core0.instr_and$_SDFFE_PN0P_/Q (sky130_fd_sc_hd__dfxtp_1)
                                         core0.instr_and (net)
                  0.05    0.00    0.29 ^ _17574_/A (sky130_fd_sc_hd__nand2_1)
     1    0.00    0.03    0.04    0.34 v _17574_/Y (sky130_fd_sc_hd__nand2_1)
                                         _04302_ (net)
                  0.03    0.00    0.34 v _17575_/B1 (sky130_fd_sc_hd__o21ai_0)
     1    0.00    0.05    0.05    0.39 ^ _17575_/Y (sky130_fd_sc_hd__o21ai_0)
                                         _01418_ (net)
                  0.05    0.00    0.39 ^ core0.instr_and$_SDFFE_PN0P_/D (sky130_fd_sc_hd__dfxtp_1)
                                  0.39   data arrival time

                  0.00    0.00    0.00   clock clk (rise edge)
                          0.00    0.00   clock network delay (ideal)
                          0.00    0.00   clock reconvergence pessimism
                                  0.00 ^ core0.instr_and$_SDFFE_PN0P_/CLK (sky130_fd_sc_hd__dfxtp_1)
                         -0.04   -0.04   library hold time
                                 -0.04   data required time
-----------------------------------------------------------------------------
                                 -0.04   data required time
                                 -0.39   data arrival time
-----------------------------------------------------------------------------
                                  0.43   slack (MET)



==========================================================================
global place report_checks -path_delay max
--------------------------------------------------------------------------
Startpoint: core0.decoded_imm[7]$_SDFFCE_PN0P_
            (rising edge-triggered flip-flop clocked by clk)
Endpoint: core0.reg_out[21]$_DFF_P_
          (rising edge-triggered flip-flop clocked by clk)
Path Group: clk
Path Type: max

Fanout     Cap    Slew   Delay    Time   Description
-----------------------------------------------------------------------------
                  0.00    0.00    0.00   clock clk (rise edge)
                          0.00    0.00   clock network delay (ideal)
                  0.00    0.00    0.00 ^ core0.decoded_imm[7]$_SDFFCE_PN0P_/CLK (sky130_fd_sc_hd__edfxtp_1)
     3    0.02    0.15    0.45    0.45 v core0.decoded_imm[7]$_SDFFCE_PN0P_/Q (sky130_fd_sc_hd__edfxtp_1)
                                         core0.decoded_imm[7] (net)
                  0.15    0.00    0.45 v _19254_/A (sky130_fd_sc_hd__ha_1)
     4    0.01    0.10    0.39    0.84 v _19254_/SUM (sky130_fd_sc_hd__ha_1)
                                         _00962_ (net)
                  0.10    0.00    0.84 v _13459_/A1 (sky130_fd_sc_hd__a2111oi_0)
     1    0.02    1.31    1.11    1.94 ^ _13459_/Y (sky130_fd_sc_hd__a2111oi_0)
                                         _08639_ (net)
                  1.31    0.00    1.94 ^ _13460_/B1 (sky130_fd_sc_hd__o21ai_1)
     4    0.03    0.47    0.53    2.47 v _13460_/Y (sky130_fd_sc_hd__o21ai_1)
                                         _08640_ (net)
                  0.47    0.00    2.48 v _13588_/A3 (sky130_fd_sc_hd__a41oi_1)
     3    0.01    0.38    0.54    3.02 ^ _13588_/Y (sky130_fd_sc_hd__a41oi_1)
                                         _08757_ (net)
                  0.38    0.00    3.02 ^ _13589_/A (sky130_fd_sc_hd__nor2b_1)
     2    0.01    0.09    0.11    3.12 v _13589_/Y (sky130_fd_sc_hd__nor2b_1)
                                         _08758_ (net)
                  0.09    0.00    3.12 v _13590_/A2 (sky130_fd_sc_hd__o21a_1)
     2    0.01    0.05    0.20    3.32 v _13590_/X (sky130_fd_sc_hd__o21a_1)
                                         _08759_ (net)
                  0.05    0.00    3.32 v _13591_/B (sky130_fd_sc_hd__nor2_1)
     2    0.01    0.18    0.16    3.49 ^ _13591_/Y (sky130_fd_sc_hd__nor2_1)
                                         _08760_ (net)
                  0.18    0.00    3.49 ^ _13592_/A2 (sky130_fd_sc_hd__o21bai_1)
     2    0.02    0.20    0.21    3.69 v _13592_/Y (sky130_fd_sc_hd__o21bai_1)
                                         _08761_ (net)
                  0.20    0.00    3.69 v _13602_/A4 (sky130_fd_sc_hd__a41oi_1)
     1    0.01    0.31    0.38    4.08 ^ _13602_/Y (sky130_fd_sc_hd__a41oi_1)
                                         _08771_ (net)
                  0.31    0.00    4.08 ^ _13603_/B (sky130_fd_sc_hd__xor2_1)
     1    0.03    0.56    0.50    4.58 ^ _13603_/X (sky130_fd_sc_hd__xor2_1)
                                         _08772_ (net)
                  0.56    0.00    4.59 ^ _13607_/B1 (sky130_fd_sc_hd__o221ai_1)
     1    0.00    0.13    0.20    4.79 v _13607_/Y (sky130_fd_sc_hd__o221ai_1)
                                         _01698_ (net)
                  0.13    0.00    4.79 v core0.reg_out[21]$_DFF_P_/D (sky130_fd_sc_hd__dfxtp_1)
                                  4.79   data arrival time

                  0.00    5.00    5.00   clock clk (rise edge)
                          0.00    5.00   clock network delay (ideal)
                          0.00    5.00   clock reconvergence pessimism
                                  5.00 ^ core0.reg_out[21]$_DFF_P_/CLK (sky130_fd_sc_hd__dfxtp_1)
                         -0.16    4.84   library setup time
                                  4.84   data required time
-----------------------------------------------------------------------------
                                  4.84   data required time
                                 -4.79   data arrival time
-----------------------------------------------------------------------------
                                  0.05   slack (MET)



==========================================================================
global place report_checks -unconstrained
--------------------------------------------------------------------------
Startpoint: core0.decoded_imm[7]$_SDFFCE_PN0P_
            (rising edge-triggered flip-flop clocked by clk)
Endpoint: core0.reg_out[21]$_DFF_P_
          (rising edge-triggered flip-flop clocked by clk)
Path Group: clk
Path Type: max

Fanout     Cap    Slew   Delay    Time   Description
-----------------------------------------------------------------------------
                  0.00    0.00    0.00   clock clk (rise edge)
                          0.00    0.00   clock network delay (ideal)
                  0.00    0.00    0.00 ^ core0.decoded_imm[7]$_SDFFCE_PN0P_/CLK (sky130_fd_sc_hd__edfxtp_1)
     3    0.02    0.15    0.45    0.45 v core0.decoded_imm[7]$_SDFFCE_PN0P_/Q (sky130_fd_sc_hd__edfxtp_1)
                                         core0.decoded_imm[7] (net)
                  0.15    0.00    0.45 v _19254_/A (sky130_fd_sc_hd__ha_1)
     4    0.01    0.10    0.39    0.84 v _19254_/SUM (sky130_fd_sc_hd__ha_1)
                                         _00962_ (net)
                  0.10    0.00    0.84 v _13459_/A1 (sky130_fd_sc_hd__a2111oi_0)
     1    0.02    1.31    1.11    1.94 ^ _13459_/Y (sky130_fd_sc_hd__a2111oi_0)
                                         _08639_ (net)
                  1.31    0.00    1.94 ^ _13460_/B1 (sky130_fd_sc_hd__o21ai_1)
     4    0.03    0.47    0.53    2.47 v _13460_/Y (sky130_fd_sc_hd__o21ai_1)
                                         _08640_ (net)
                  0.47    0.00    2.48 v _13588_/A3 (sky130_fd_sc_hd__a41oi_1)
     3    0.01    0.38    0.54    3.02 ^ _13588_/Y (sky130_fd_sc_hd__a41oi_1)
                                         _08757_ (net)
                  0.38    0.00    3.02 ^ _13589_/A (sky130_fd_sc_hd__nor2b_1)
     2    0.01    0.09    0.11    3.12 v _13589_/Y (sky130_fd_sc_hd__nor2b_1)
                                         _08758_ (net)
                  0.09    0.00    3.12 v _13590_/A2 (sky130_fd_sc_hd__o21a_1)
     2    0.01    0.05    0.20    3.32 v _13590_/X (sky130_fd_sc_hd__o21a_1)
                                         _08759_ (net)
                  0.05    0.00    3.32 v _13591_/B (sky130_fd_sc_hd__nor2_1)
     2    0.01    0.18    0.16    3.49 ^ _13591_/Y (sky130_fd_sc_hd__nor2_1)
                                         _08760_ (net)
                  0.18    0.00    3.49 ^ _13592_/A2 (sky130_fd_sc_hd__o21bai_1)
     2    0.02    0.20    0.21    3.69 v _13592_/Y (sky130_fd_sc_hd__o21bai_1)
                                         _08761_ (net)
                  0.20    0.00    3.69 v _13602_/A4 (sky130_fd_sc_hd__a41oi_1)
     1    0.01    0.31    0.38    4.08 ^ _13602_/Y (sky130_fd_sc_hd__a41oi_1)
                                         _08771_ (net)
                  0.31    0.00    4.08 ^ _13603_/B (sky130_fd_sc_hd__xor2_1)
     1    0.03    0.56    0.50    4.58 ^ _13603_/X (sky130_fd_sc_hd__xor2_1)
                                         _08772_ (net)
                  0.56    0.00    4.59 ^ _13607_/B1 (sky130_fd_sc_hd__o221ai_1)
     1    0.00    0.13    0.20    4.79 v _13607_/Y (sky130_fd_sc_hd__o221ai_1)
                                         _01698_ (net)
                  0.13    0.00    4.79 v core0.reg_out[21]$_DFF_P_/D (sky130_fd_sc_hd__dfxtp_1)
                                  4.79   data arrival time

                  0.00    5.00    5.00   clock clk (rise edge)
                          0.00    5.00   clock network delay (ideal)
                          0.00    5.00   clock reconvergence pessimism
                                  5.00 ^ core0.reg_out[21]$_DFF_P_/CLK (sky130_fd_sc_hd__dfxtp_1)
                         -0.16    4.84   library setup time
                                  4.84   data required time
-----------------------------------------------------------------------------
                                  4.84   data required time
                                 -4.79   data arrival time
-----------------------------------------------------------------------------
                                  0.05   slack (MET)



==========================================================================
global place report_power
--------------------------------------------------------------------------
Group                  Internal  Switching    Leakage      Total
                          Power      Power      Power      Power (Watts)
----------------------------------------------------------------
Sequential             3.02e-02   8.52e-04   2.88e-08   3.10e-02  76.8%
Combinational          3.68e-03   5.70e-03   3.23e-08   9.38e-03  23.2%
Clock                  0.00e+00   0.00e+00   0.00e+00   0.00e+00   0.0%
Macro                  0.00e+00   0.00e+00   0.00e+00   0.00e+00   0.0%
Pad                    0.00e+00   0.00e+00   0.00e+00   0.00e+00   0.0%
----------------------------------------------------------------
Total                  3.39e-02   6.56e-03   6.11e-08   4.04e-02 100.0%
                          83.8%      16.2%       0.0%
