
==========================================================================
finish report_tns
--------------------------------------------------------------------------
tns max 0.00

==========================================================================
finish report_wns
--------------------------------------------------------------------------
wns max 0.00

==========================================================================
finish report_worst_slack
--------------------------------------------------------------------------
worst slack max 0.19

==========================================================================
finish report_clock_min_period
--------------------------------------------------------------------------
clk period_min = 4.81 fmax = 208.09

==========================================================================
finish report_clock_skew
--------------------------------------------------------------------------
Clock clk
   1.06 source latency core0.cpu_state[1]$_DFF_P_/CLK ^
  -1.17 target latency core0.cpuregs[27][23]$_DFFE_PP_/CLK ^
   0.00 CRPR
--------------
  -0.11 setup skew


==========================================================================
finish report_checks -path_delay min
--------------------------------------------------------------------------
Startpoint: core0.instr_and$_SDFFE_PN0P_
            (rising edge-triggered flip-flop clocked by clk)
Endpoint: core0.instr_and$_SDFFE_PN0P_
          (rising edge-triggered flip-flop clocked by clk)
Path Group: clk
Path Type: min

Fanout     Cap    Slew   Delay    Time   Description
-----------------------------------------------------------------------------
                          0.00    0.00   clock clk (rise edge)
                          0.00    0.00   clock source latency
     2    0.08    0.00    0.00    0.00 ^ clk (in)
                                         clk (net)
                  0.01    0.00    0.00 ^ clkbuf_0_clk/A (sky130_fd_sc_hd__clkbuf_16)
     2    0.02    0.05    0.12    0.12 ^ clkbuf_0_clk/X (sky130_fd_sc_hd__clkbuf_16)
                                         clknet_0_clk (net)
                  0.05    0.00    0.12 ^ clkbuf_1_1_0_clk/A (sky130_fd_sc_hd__clkbuf_16)
     2    0.04    0.06    0.14    0.26 ^ clkbuf_1_1_0_clk/X (sky130_fd_sc_hd__clkbuf_16)
                                         clknet_1_1_0_clk (net)
                  0.06    0.00    0.26 ^ clkbuf_2_3_0_clk/A (sky130_fd_sc_hd__clkbuf_16)
     2    0.04    0.06    0.15    0.41 ^ clkbuf_2_3_0_clk/X (sky130_fd_sc_hd__clkbuf_16)
                                         clknet_2_3_0_clk (net)
                  0.06    0.00    0.42 ^ clkbuf_3_7_0_clk/A (sky130_fd_sc_hd__clkbuf_16)
     2    0.03    0.05    0.14    0.56 ^ clkbuf_3_7_0_clk/X (sky130_fd_sc_hd__clkbuf_16)
                                         clknet_3_7_0_clk (net)
                  0.05    0.00    0.56 ^ clkbuf_4_15_0_clk/A (sky130_fd_sc_hd__clkbuf_16)
     2    0.04    0.06    0.14    0.70 ^ clkbuf_4_15_0_clk/X (sky130_fd_sc_hd__clkbuf_16)
                                         clknet_4_15_0_clk (net)
                  0.06    0.00    0.70 ^ clkbuf_5_30__f_clk/A (sky130_fd_sc_hd__clkbuf_16)
     7    0.11    0.13    0.20    0.90 ^ clkbuf_5_30__f_clk/X (sky130_fd_sc_hd__clkbuf_16)
                                         clknet_5_30__leaf_clk (net)
                  0.13    0.00    0.91 ^ clkbuf_leaf_182_clk/A (sky130_fd_sc_hd__clkbuf_16)
    11    0.04    0.06    0.17    1.08 ^ clkbuf_leaf_182_clk/X (sky130_fd_sc_hd__clkbuf_16)
                                         clknet_leaf_182_clk (net)
                  0.06    0.00    1.08 ^ core0.instr_and$_SDFFE_PN0P_/CLK (sky130_fd_sc_hd__dfxtp_1)
     2    0.00    0.05    0.32    1.40 ^ core0.instr_and$_SDFFE_PN0P_/Q (sky130_fd_sc_hd__dfxtp_1)
                                         core0.instr_and (net)
                  0.05    0.00    1.40 ^ _17574_/A (sky130_fd_sc_hd__nand2_1)
     1    0.00    0.03    0.04    1.44 v _17574_/Y (sky130_fd_sc_hd__nand2_1)
                                         _04302_ (net)
                  0.03    0.00    1.44 v _17575_/B1 (sky130_fd_sc_hd__o21ai_0)
     1    0.00    0.06    0.05    1.49 ^ _17575_/Y (sky130_fd_sc_hd__o21ai_0)
                                         _01418_ (net)
                  0.06    0.00    1.49 ^ core0.instr_and$_SDFFE_PN0P_/D (sky130_fd_sc_hd__dfxtp_1)
                                  1.49   data arrival time

                          0.00    0.00   clock clk (rise edge)
                          0.00    0.00   clock source latency
     2    0.08    0.00    0.00    0.00 ^ clk (in)
                                         clk (net)
                  0.01    0.00    0.00 ^ clkbuf_0_clk/A (sky130_fd_sc_hd__clkbuf_16)
     2    0.02    0.05    0.12    0.12 ^ clkbuf_0_clk/X (sky130_fd_sc_hd__clkbuf_16)
                                         clknet_0_clk (net)
                  0.05    0.00    0.12 ^ clkbuf_1_1_0_clk/A (sky130_fd_sc_hd__clkbuf_16)
     2    0.04    0.06    0.14    0.26 ^ clkbuf_1_1_0_clk/X (sky130_fd_sc_hd__clkbuf_16)
                                         clknet_1_1_0_clk (net)
                  0.06    0.00    0.26 ^ clkbuf_2_3_0_clk/A (sky130_fd_sc_hd__clkbuf_16)
     2    0.04    0.06    0.15    0.41 ^ clkbuf_2_3_0_clk/X (sky130_fd_sc_hd__clkbuf_16)
                                         clknet_2_3_0_clk (net)
                  0.06    0.00    0.42 ^ clkbuf_3_7_0_clk/A (sky130_fd_sc_hd__clkbuf_16)
     2    0.03    0.05    0.14    0.56 ^ clkbuf_3_7_0_clk/X (sky130_fd_sc_hd__clkbuf_16)
                                         clknet_3_7_0_clk (net)
                  0.05    0.00    0.56 ^ clkbuf_4_15_0_clk/A (sky130_fd_sc_hd__clkbuf_16)
     2    0.04    0.06    0.14    0.70 ^ clkbuf_4_15_0_clk/X (sky130_fd_sc_hd__clkbuf_16)
                                         clknet_4_15_0_clk (net)
                  0.06    0.00    0.70 ^ clkbuf_5_30__f_clk/A (sky130_fd_sc_hd__clkbuf_16)
     7    0.11    0.13    0.20    0.90 ^ clkbuf_5_30__f_clk/X (sky130_fd_sc_hd__clkbuf_16)
                                         clknet_5_30__leaf_clk (net)
                  0.13    0.00    0.91 ^ clkbuf_leaf_182_clk/A (sky130_fd_sc_hd__clkbuf_16)
    11    0.04    0.06    0.17    1.08 ^ clkbuf_leaf_182_clk/X (sky130_fd_sc_hd__clkbuf_16)
                                         clknet_leaf_182_clk (net)
                  0.06    0.00    1.08 ^ core0.instr_and$_SDFFE_PN0P_/CLK (sky130_fd_sc_hd__dfxtp_1)
                          0.00    1.08   clock reconvergence pessimism
                         -0.03    1.05   library hold time
                                  1.05   data required time
-----------------------------------------------------------------------------
                                  1.05   data required time
                                 -1.49   data arrival time
-----------------------------------------------------------------------------
                                  0.44   slack (MET)



==========================================================================
finish report_checks -path_delay max
--------------------------------------------------------------------------
Startpoint: core0.decoded_imm[4]$_SDFFCE_PN0P_
            (rising edge-triggered flip-flop clocked by clk)
Endpoint: core0.reg_out[21]$_DFF_P_
          (rising edge-triggered flip-flop clocked by clk)
Path Group: clk
Path Type: max

Fanout     Cap    Slew   Delay    Time   Description
-----------------------------------------------------------------------------
                          0.00    0.00   clock clk (rise edge)
                          0.00    0.00   clock source latency
     2    0.08    0.00    0.00    0.00 ^ clk (in)
                                         clk (net)
                  0.01    0.00    0.00 ^ clkbuf_0_clk/A (sky130_fd_sc_hd__clkbuf_16)
     2    0.02    0.05    0.12    0.12 ^ clkbuf_0_clk/X (sky130_fd_sc_hd__clkbuf_16)
                                         clknet_0_clk (net)
                  0.05    0.00    0.12 ^ clkbuf_1_1_0_clk/A (sky130_fd_sc_hd__clkbuf_16)
     2    0.04    0.06    0.14    0.26 ^ clkbuf_1_1_0_clk/X (sky130_fd_sc_hd__clkbuf_16)
                                         clknet_1_1_0_clk (net)
                  0.06    0.00    0.26 ^ clkbuf_2_3_0_clk/A (sky130_fd_sc_hd__clkbuf_16)
     2    0.04    0.06    0.15    0.41 ^ clkbuf_2_3_0_clk/X (sky130_fd_sc_hd__clkbuf_16)
                                         clknet_2_3_0_clk (net)
                  0.06    0.00    0.42 ^ clkbuf_3_6_0_clk/A (sky130_fd_sc_hd__clkbuf_16)
     2    0.04    0.06    0.15    0.56 ^ clkbuf_3_6_0_clk/X (sky130_fd_sc_hd__clkbuf_16)
                                         clknet_3_6_0_clk (net)
                  0.06    0.00    0.56 ^ clkbuf_4_12_0_clk/A (sky130_fd_sc_hd__clkbuf_16)
     2    0.04    0.06    0.14    0.71 ^ clkbuf_4_12_0_clk/X (sky130_fd_sc_hd__clkbuf_16)
                                         clknet_4_12_0_clk (net)
                  0.06    0.00    0.71 ^ clkbuf_5_25__f_clk/A (sky130_fd_sc_hd__clkbuf_16)
     7    0.10    0.12    0.19    0.90 ^ clkbuf_5_25__f_clk/X (sky130_fd_sc_hd__clkbuf_16)
                                         clknet_5_25__leaf_clk (net)
                  0.12    0.00    0.90 ^ clkbuf_leaf_200_clk/A (sky130_fd_sc_hd__clkbuf_16)
    11    0.04    0.06    0.17    1.07 ^ clkbuf_leaf_200_clk/X (sky130_fd_sc_hd__clkbuf_16)
                                         clknet_leaf_200_clk (net)
                  0.06    0.00    1.07 ^ core0.decoded_imm[4]$_SDFFCE_PN0P_/CLK (sky130_fd_sc_hd__edfxtp_1)
     3    0.04    0.23    0.56    1.63 v core0.decoded_imm[4]$_SDFFCE_PN0P_/Q (sky130_fd_sc_hd__edfxtp_1)
                                         core0.decoded_imm[4] (net)
                  0.23    0.01    1.63 v _19257_/A (sky130_fd_sc_hd__ha_1)
     2    0.02    0.11    0.35    1.98 v _19257_/COUT (sky130_fd_sc_hd__ha_1)
                                         _00967_ (net)
                  0.11    0.00    1.98 v _13459_/C1 (sky130_fd_sc_hd__a2111oi_1)
     1    0.02    1.00    0.87    2.85 ^ _13459_/Y (sky130_fd_sc_hd__a2111oi_1)
                                         _08639_ (net)
                  1.00    0.00    2.85 ^ _13460_/B1 (sky130_fd_sc_hd__o21ai_1)
     4    0.03    0.42    0.51    3.36 v _13460_/Y (sky130_fd_sc_hd__o21ai_1)
                                         _08640_ (net)
                  0.42    0.00    3.36 v _13588_/A3 (sky130_fd_sc_hd__a41oi_1)
     3    0.01    0.39    0.52    3.88 ^ _13588_/Y (sky130_fd_sc_hd__a41oi_1)
                                         _08757_ (net)
                  0.39    0.00    3.89 ^ _13589_/A (sky130_fd_sc_hd__nor2b_1)
     2    0.01    0.09    0.11    3.99 v _13589_/Y (sky130_fd_sc_hd__nor2b_1)
                                         _08758_ (net)
                  0.09    0.00    3.99 v _13590_/A2 (sky130_fd_sc_hd__o21a_1)
     2    0.01    0.06    0.21    4.20 v _13590_/X (sky130_fd_sc_hd__o21a_1)
                                         _08759_ (net)
                  0.06    0.00    4.20 v _13591_/B (sky130_fd_sc_hd__nor2_1)
     2    0.01    0.17    0.15    4.36 ^ _13591_/Y (sky130_fd_sc_hd__nor2_1)
                                         _08760_ (net)
                  0.17    0.00    4.36 ^ _13592_/A2 (sky130_fd_sc_hd__o21bai_1)
     2    0.02    0.20    0.20    4.55 v _13592_/Y (sky130_fd_sc_hd__o21bai_1)
                                         _08761_ (net)
                  0.20    0.00    4.56 v _13602_/A4 (sky130_fd_sc_hd__a41oi_1)
     1    0.01    0.29    0.37    4.92 ^ _13602_/Y (sky130_fd_sc_hd__a41oi_1)
                                         _08771_ (net)
                  0.29    0.00    4.92 ^ _13603_/B (sky130_fd_sc_hd__xor2_1)
     1    0.03    0.65    0.57    5.50 ^ _13603_/X (sky130_fd_sc_hd__xor2_1)
                                         _08772_ (net)
                  0.65    0.00    5.50 ^ _13607_/B1 (sky130_fd_sc_hd__o221ai_1)
     1    0.00    0.14    0.22    5.72 v _13607_/Y (sky130_fd_sc_hd__o221ai_1)
                                         _01698_ (net)
                  0.14    0.00    5.72 v core0.reg_out[21]$_DFF_P_/D (sky130_fd_sc_hd__dfxtp_1)
                                  5.72   data arrival time

                          5.00    5.00   clock clk (rise edge)
                          0.00    5.00   clock source latency
     2    0.08    0.00    0.00    5.00 ^ clk (in)
                                         clk (net)
                  0.01    0.00    5.00 ^ clkbuf_0_clk/A (sky130_fd_sc_hd__clkbuf_16)
     2    0.02    0.05    0.12    5.12 ^ clkbuf_0_clk/X (sky130_fd_sc_hd__clkbuf_16)
                                         clknet_0_clk (net)
                  0.05    0.00    5.12 ^ clkbuf_1_1_0_clk/A (sky130_fd_sc_hd__clkbuf_16)
     2    0.04    0.06    0.14    5.26 ^ clkbuf_1_1_0_clk/X (sky130_fd_sc_hd__clkbuf_16)
                                         clknet_1_1_0_clk (net)
                  0.06    0.00    5.26 ^ clkbuf_2_3_0_clk/A (sky130_fd_sc_hd__clkbuf_16)
     2    0.04    0.06    0.15    5.41 ^ clkbuf_2_3_0_clk/X (sky130_fd_sc_hd__clkbuf_16)
                                         clknet_2_3_0_clk (net)
                  0.06    0.00    5.42 ^ clkbuf_3_7_0_clk/A (sky130_fd_sc_hd__clkbuf_16)
     2    0.03    0.05    0.14    5.56 ^ clkbuf_3_7_0_clk/X (sky130_fd_sc_hd__clkbuf_16)
                                         clknet_3_7_0_clk (net)
                  0.05    0.00    5.56 ^ clkbuf_4_14_0_clk/A (sky130_fd_sc_hd__clkbuf_16)
     2    0.04    0.06    0.14    5.70 ^ clkbuf_4_14_0_clk/X (sky130_fd_sc_hd__clkbuf_16)
                                         clknet_4_14_0_clk (net)
                  0.06    0.00    5.70 ^ clkbuf_5_28__f_clk/A (sky130_fd_sc_hd__clkbuf_16)
     7    0.09    0.11    0.19    5.89 ^ clkbuf_5_28__f_clk/X (sky130_fd_sc_hd__clkbuf_16)
                                         clknet_5_28__leaf_clk (net)
                  0.11    0.00    5.89 ^ clkbuf_leaf_199_clk/A (sky130_fd_sc_hd__clkbuf_16)
    12    0.04    0.06    0.17    6.06 ^ clkbuf_leaf_199_clk/X (sky130_fd_sc_hd__clkbuf_16)
                                         clknet_leaf_199_clk (net)
                  0.06    0.00    6.06 ^ core0.reg_out[21]$_DFF_P_/CLK (sky130_fd_sc_hd__dfxtp_1)
                          0.00    6.06   clock reconvergence pessimism
                         -0.15    5.91   library setup time
                                  5.91   data required time
-----------------------------------------------------------------------------
                                  5.91   data required time
                                 -5.72   data arrival time
-----------------------------------------------------------------------------
                                  0.19   slack (MET)



==========================================================================
finish report_checks -unconstrained
--------------------------------------------------------------------------
Startpoint: core0.decoded_imm[4]$_SDFFCE_PN0P_
            (rising edge-triggered flip-flop clocked by clk)
Endpoint: core0.reg_out[21]$_DFF_P_
          (rising edge-triggered flip-flop clocked by clk)
Path Group: clk
Path Type: max

Fanout     Cap    Slew   Delay    Time   Description
-----------------------------------------------------------------------------
                          0.00    0.00   clock clk (rise edge)
                          0.00    0.00   clock source latency
     2    0.08    0.00    0.00    0.00 ^ clk (in)
                                         clk (net)
                  0.01    0.00    0.00 ^ clkbuf_0_clk/A (sky130_fd_sc_hd__clkbuf_16)
     2    0.02    0.05    0.12    0.12 ^ clkbuf_0_clk/X (sky130_fd_sc_hd__clkbuf_16)
                                         clknet_0_clk (net)
                  0.05    0.00    0.12 ^ clkbuf_1_1_0_clk/A (sky130_fd_sc_hd__clkbuf_16)
     2    0.04    0.06    0.14    0.26 ^ clkbuf_1_1_0_clk/X (sky130_fd_sc_hd__clkbuf_16)
                                         clknet_1_1_0_clk (net)
                  0.06    0.00    0.26 ^ clkbuf_2_3_0_clk/A (sky130_fd_sc_hd__clkbuf_16)
     2    0.04    0.06    0.15    0.41 ^ clkbuf_2_3_0_clk/X (sky130_fd_sc_hd__clkbuf_16)
                                         clknet_2_3_0_clk (net)
                  0.06    0.00    0.42 ^ clkbuf_3_6_0_clk/A (sky130_fd_sc_hd__clkbuf_16)
     2    0.04    0.06    0.15    0.56 ^ clkbuf_3_6_0_clk/X (sky130_fd_sc_hd__clkbuf_16)
                                         clknet_3_6_0_clk (net)
                  0.06    0.00    0.56 ^ clkbuf_4_12_0_clk/A (sky130_fd_sc_hd__clkbuf_16)
     2    0.04    0.06    0.14    0.71 ^ clkbuf_4_12_0_clk/X (sky130_fd_sc_hd__clkbuf_16)
                                         clknet_4_12_0_clk (net)
                  0.06    0.00    0.71 ^ clkbuf_5_25__f_clk/A (sky130_fd_sc_hd__clkbuf_16)
     7    0.10    0.12    0.19    0.90 ^ clkbuf_5_25__f_clk/X (sky130_fd_sc_hd__clkbuf_16)
                                         clknet_5_25__leaf_clk (net)
                  0.12    0.00    0.90 ^ clkbuf_leaf_200_clk/A (sky130_fd_sc_hd__clkbuf_16)
    11    0.04    0.06    0.17    1.07 ^ clkbuf_leaf_200_clk/X (sky130_fd_sc_hd__clkbuf_16)
                                         clknet_leaf_200_clk (net)
                  0.06    0.00    1.07 ^ core0.decoded_imm[4]$_SDFFCE_PN0P_/CLK (sky130_fd_sc_hd__edfxtp_1)
     3    0.04    0.23    0.56    1.63 v core0.decoded_imm[4]$_SDFFCE_PN0P_/Q (sky130_fd_sc_hd__edfxtp_1)
                                         core0.decoded_imm[4] (net)
                  0.23    0.01    1.63 v _19257_/A (sky130_fd_sc_hd__ha_1)
     2    0.02    0.11    0.35    1.98 v _19257_/COUT (sky130_fd_sc_hd__ha_1)
                                         _00967_ (net)
                  0.11    0.00    1.98 v _13459_/C1 (sky130_fd_sc_hd__a2111oi_1)
     1    0.02    1.00    0.87    2.85 ^ _13459_/Y (sky130_fd_sc_hd__a2111oi_1)
                                         _08639_ (net)
                  1.00    0.00    2.85 ^ _13460_/B1 (sky130_fd_sc_hd__o21ai_1)
     4    0.03    0.42    0.51    3.36 v _13460_/Y (sky130_fd_sc_hd__o21ai_1)
                                         _08640_ (net)
                  0.42    0.00    3.36 v _13588_/A3 (sky130_fd_sc_hd__a41oi_1)
     3    0.01    0.39    0.52    3.88 ^ _13588_/Y (sky130_fd_sc_hd__a41oi_1)
                                         _08757_ (net)
                  0.39    0.00    3.89 ^ _13589_/A (sky130_fd_sc_hd__nor2b_1)
     2    0.01    0.09    0.11    3.99 v _13589_/Y (sky130_fd_sc_hd__nor2b_1)
                                         _08758_ (net)
                  0.09    0.00    3.99 v _13590_/A2 (sky130_fd_sc_hd__o21a_1)
     2    0.01    0.06    0.21    4.20 v _13590_/X (sky130_fd_sc_hd__o21a_1)
                                         _08759_ (net)
                  0.06    0.00    4.20 v _13591_/B (sky130_fd_sc_hd__nor2_1)
     2    0.01    0.17    0.15    4.36 ^ _13591_/Y (sky130_fd_sc_hd__nor2_1)
                                         _08760_ (net)
                  0.17    0.00    4.36 ^ _13592_/A2 (sky130_fd_sc_hd__o21bai_1)
     2    0.02    0.20    0.20    4.55 v _13592_/Y (sky130_fd_sc_hd__o21bai_1)
                                         _08761_ (net)
                  0.20    0.00    4.56 v _13602_/A4 (sky130_fd_sc_hd__a41oi_1)
     1    0.01    0.29    0.37    4.92 ^ _13602_/Y (sky130_fd_sc_hd__a41oi_1)
                                         _08771_ (net)
                  0.29    0.00    4.92 ^ _13603_/B (sky130_fd_sc_hd__xor2_1)
     1    0.03    0.65    0.57    5.50 ^ _13603_/X (sky130_fd_sc_hd__xor2_1)
                                         _08772_ (net)
                  0.65    0.00    5.50 ^ _13607_/B1 (sky130_fd_sc_hd__o221ai_1)
     1    0.00    0.14    0.22    5.72 v _13607_/Y (sky130_fd_sc_hd__o221ai_1)
                                         _01698_ (net)
                  0.14    0.00    5.72 v core0.reg_out[21]$_DFF_P_/D (sky130_fd_sc_hd__dfxtp_1)
                                  5.72   data arrival time

                          5.00    5.00   clock clk (rise edge)
                          0.00    5.00   clock source latency
     2    0.08    0.00    0.00    5.00 ^ clk (in)
                                         clk (net)
                  0.01    0.00    5.00 ^ clkbuf_0_clk/A (sky130_fd_sc_hd__clkbuf_16)
     2    0.02    0.05    0.12    5.12 ^ clkbuf_0_clk/X (sky130_fd_sc_hd__clkbuf_16)
                                         clknet_0_clk (net)
                  0.05    0.00    5.12 ^ clkbuf_1_1_0_clk/A (sky130_fd_sc_hd__clkbuf_16)
     2    0.04    0.06    0.14    5.26 ^ clkbuf_1_1_0_clk/X (sky130_fd_sc_hd__clkbuf_16)
                                         clknet_1_1_0_clk (net)
                  0.06    0.00    5.26 ^ clkbuf_2_3_0_clk/A (sky130_fd_sc_hd__clkbuf_16)
     2    0.04    0.06    0.15    5.41 ^ clkbuf_2_3_0_clk/X (sky130_fd_sc_hd__clkbuf_16)
                                         clknet_2_3_0_clk (net)
                  0.06    0.00    5.42 ^ clkbuf_3_7_0_clk/A (sky130_fd_sc_hd__clkbuf_16)
     2    0.03    0.05    0.14    5.56 ^ clkbuf_3_7_0_clk/X (sky130_fd_sc_hd__clkbuf_16)
                                         clknet_3_7_0_clk (net)
                  0.05    0.00    5.56 ^ clkbuf_4_14_0_clk/A (sky130_fd_sc_hd__clkbuf_16)
     2    0.04    0.06    0.14    5.70 ^ clkbuf_4_14_0_clk/X (sky130_fd_sc_hd__clkbuf_16)
                                         clknet_4_14_0_clk (net)
                  0.06    0.00    5.70 ^ clkbuf_5_28__f_clk/A (sky130_fd_sc_hd__clkbuf_16)
     7    0.09    0.11    0.19    5.89 ^ clkbuf_5_28__f_clk/X (sky130_fd_sc_hd__clkbuf_16)
                                         clknet_5_28__leaf_clk (net)
                  0.11    0.00    5.89 ^ clkbuf_leaf_199_clk/A (sky130_fd_sc_hd__clkbuf_16)
    12    0.04    0.06    0.17    6.06 ^ clkbuf_leaf_199_clk/X (sky130_fd_sc_hd__clkbuf_16)
                                         clknet_leaf_199_clk (net)
                  0.06    0.00    6.06 ^ core0.reg_out[21]$_DFF_P_/CLK (sky130_fd_sc_hd__dfxtp_1)
                          0.00    6.06   clock reconvergence pessimism
                         -0.15    5.91   library setup time
                                  5.91   data required time
-----------------------------------------------------------------------------
                                  5.91   data required time
                                 -5.72   data arrival time
-----------------------------------------------------------------------------
                                  0.19   slack (MET)



==========================================================================
finish report_check_types -max_slew -max_cap -max_fanout -violators
--------------------------------------------------------------------------

==========================================================================
finish max_slew_check_slack
--------------------------------------------------------------------------
0.23749668896198273

==========================================================================
finish max_slew_check_limit
--------------------------------------------------------------------------
1.5

==========================================================================
finish max_slew_check_slack_limit
--------------------------------------------------------------------------
0.1583

==========================================================================
finish max_fanout_check_slack
--------------------------------------------------------------------------
1.0000000150474662e+30

==========================================================================
finish max_fanout_check_limit
--------------------------------------------------------------------------
1.0000000150474662e+30

==========================================================================
finish max_capacitance_check_slack
--------------------------------------------------------------------------
0.007001303136348724

==========================================================================
finish max_capacitance_check_limit
--------------------------------------------------------------------------
0.03388400003314018

==========================================================================
finish max_capacitance_check_slack_limit
--------------------------------------------------------------------------
0.2066

==========================================================================
finish max_slew_violation_count
--------------------------------------------------------------------------
max slew violation count 0

==========================================================================
finish max_fanout_violation_count
--------------------------------------------------------------------------
max fanout violation count 0

==========================================================================
finish max_cap_violation_count
--------------------------------------------------------------------------
max cap violation count 0

==========================================================================
finish setup_violation_count
--------------------------------------------------------------------------
setup violation count 0

==========================================================================
finish hold_violation_count
--------------------------------------------------------------------------
hold violation count 0

==========================================================================
finish report_checks -path_delay max reg to reg
--------------------------------------------------------------------------
Startpoint: core0.decoded_imm[4]$_SDFFCE_PN0P_
            (rising edge-triggered flip-flop clocked by clk)
Endpoint: core0.reg_out[21]$_DFF_P_
          (rising edge-triggered flip-flop clocked by clk)
Path Group: clk
Path Type: max

  Delay    Time   Description
---------------------------------------------------------
   0.00    0.00   clock clk (rise edge)
   0.00    0.00   clock source latency
   0.00    0.00 ^ clk (in)
   0.12    0.12 ^ clkbuf_0_clk/X (sky130_fd_sc_hd__clkbuf_16)
   0.14    0.26 ^ clkbuf_1_1_0_clk/X (sky130_fd_sc_hd__clkbuf_16)
   0.15    0.41 ^ clkbuf_2_3_0_clk/X (sky130_fd_sc_hd__clkbuf_16)
   0.15    0.56 ^ clkbuf_3_6_0_clk/X (sky130_fd_sc_hd__clkbuf_16)
   0.14    0.71 ^ clkbuf_4_12_0_clk/X (sky130_fd_sc_hd__clkbuf_16)
   0.19    0.90 ^ clkbuf_5_25__f_clk/X (sky130_fd_sc_hd__clkbuf_16)
   0.17    1.07 ^ clkbuf_leaf_200_clk/X (sky130_fd_sc_hd__clkbuf_16)
   0.00    1.07 ^ core0.decoded_imm[4]$_SDFFCE_PN0P_/CLK (sky130_fd_sc_hd__edfxtp_1)
   0.56    1.63 v core0.decoded_imm[4]$_SDFFCE_PN0P_/Q (sky130_fd_sc_hd__edfxtp_1)
   0.35    1.98 v _19257_/COUT (sky130_fd_sc_hd__ha_1)
   0.87    2.85 ^ _13459_/Y (sky130_fd_sc_hd__a2111oi_1)
   0.51    3.36 v _13460_/Y (sky130_fd_sc_hd__o21ai_1)
   0.53    3.88 ^ _13588_/Y (sky130_fd_sc_hd__a41oi_1)
   0.11    3.99 v _13589_/Y (sky130_fd_sc_hd__nor2b_1)
   0.21    4.20 v _13590_/X (sky130_fd_sc_hd__o21a_1)
   0.15    4.36 ^ _13591_/Y (sky130_fd_sc_hd__nor2_1)
   0.20    4.55 v _13592_/Y (sky130_fd_sc_hd__o21bai_1)
   0.37    4.92 ^ _13602_/Y (sky130_fd_sc_hd__a41oi_1)
   0.57    5.50 ^ _13603_/X (sky130_fd_sc_hd__xor2_1)
   0.22    5.72 v _13607_/Y (sky130_fd_sc_hd__o221ai_1)
   0.00    5.72 v core0.reg_out[21]$_DFF_P_/D (sky130_fd_sc_hd__dfxtp_1)
           5.72   data arrival time

   5.00    5.00   clock clk (rise edge)
   0.00    5.00   clock source latency
   0.00    5.00 ^ clk (in)
   0.12    5.12 ^ clkbuf_0_clk/X (sky130_fd_sc_hd__clkbuf_16)
   0.14    5.26 ^ clkbuf_1_1_0_clk/X (sky130_fd_sc_hd__clkbuf_16)
   0.15    5.41 ^ clkbuf_2_3_0_clk/X (sky130_fd_sc_hd__clkbuf_16)
   0.14    5.56 ^ clkbuf_3_7_0_clk/X (sky130_fd_sc_hd__clkbuf_16)
   0.14    5.70 ^ clkbuf_4_14_0_clk/X (sky130_fd_sc_hd__clkbuf_16)
   0.19    5.89 ^ clkbuf_5_28__f_clk/X (sky130_fd_sc_hd__clkbuf_16)
   0.17    6.06 ^ clkbuf_leaf_199_clk/X (sky130_fd_sc_hd__clkbuf_16)
   0.00    6.06 ^ core0.reg_out[21]$_DFF_P_/CLK (sky130_fd_sc_hd__dfxtp_1)
   0.00    6.06   clock reconvergence pessimism
  -0.15    5.91   library setup time
           5.91   data required time
---------------------------------------------------------
           5.91   data required time
          -5.72   data arrival time
---------------------------------------------------------
           0.19   slack (MET)



==========================================================================
finish report_checks -path_delay min reg to reg
--------------------------------------------------------------------------
Startpoint: core0.instr_and$_SDFFE_PN0P_
            (rising edge-triggered flip-flop clocked by clk)
Endpoint: core0.instr_and$_SDFFE_PN0P_
          (rising edge-triggered flip-flop clocked by clk)
Path Group: clk
Path Type: min

  Delay    Time   Description
---------------------------------------------------------
   0.00    0.00   clock clk (rise edge)
   0.00    0.00   clock source latency
   0.00    0.00 ^ clk (in)
   0.12    0.12 ^ clkbuf_0_clk/X (sky130_fd_sc_hd__clkbuf_16)
   0.14    0.26 ^ clkbuf_1_1_0_clk/X (sky130_fd_sc_hd__clkbuf_16)
   0.15    0.41 ^ clkbuf_2_3_0_clk/X (sky130_fd_sc_hd__clkbuf_16)
   0.14    0.56 ^ clkbuf_3_7_0_clk/X (sky130_fd_sc_hd__clkbuf_16)
   0.14    0.70 ^ clkbuf_4_15_0_clk/X (sky130_fd_sc_hd__clkbuf_16)
   0.20    0.90 ^ clkbuf_5_30__f_clk/X (sky130_fd_sc_hd__clkbuf_16)
   0.18    1.08 ^ clkbuf_leaf_182_clk/X (sky130_fd_sc_hd__clkbuf_16)
   0.00    1.08 ^ core0.instr_and$_SDFFE_PN0P_/CLK (sky130_fd_sc_hd__dfxtp_1)
   0.32    1.40 ^ core0.instr_and$_SDFFE_PN0P_/Q (sky130_fd_sc_hd__dfxtp_1)
   0.04    1.44 v _17574_/Y (sky130_fd_sc_hd__nand2_1)
   0.05    1.49 ^ _17575_/Y (sky130_fd_sc_hd__o21ai_0)
   0.00    1.49 ^ core0.instr_and$_SDFFE_PN0P_/D (sky130_fd_sc_hd__dfxtp_1)
           1.49   data arrival time

   0.00    0.00   clock clk (rise edge)
   0.00    0.00   clock source latency
   0.00    0.00 ^ clk (in)
   0.12    0.12 ^ clkbuf_0_clk/X (sky130_fd_sc_hd__clkbuf_16)
   0.14    0.26 ^ clkbuf_1_1_0_clk/X (sky130_fd_sc_hd__clkbuf_16)
   0.15    0.41 ^ clkbuf_2_3_0_clk/X (sky130_fd_sc_hd__clkbuf_16)
   0.14    0.56 ^ clkbuf_3_7_0_clk/X (sky130_fd_sc_hd__clkbuf_16)
   0.14    0.70 ^ clkbuf_4_15_0_clk/X (sky130_fd_sc_hd__clkbuf_16)
   0.20    0.90 ^ clkbuf_5_30__f_clk/X (sky130_fd_sc_hd__clkbuf_16)
   0.18    1.08 ^ clkbuf_leaf_182_clk/X (sky130_fd_sc_hd__clkbuf_16)
   0.00    1.08 ^ core0.instr_and$_SDFFE_PN0P_/CLK (sky130_fd_sc_hd__dfxtp_1)
   0.00    1.08   clock reconvergence pessimism
  -0.03    1.05   library hold time
           1.05   data required time
---------------------------------------------------------
           1.05   data required time
          -1.49   data arrival time
---------------------------------------------------------
           0.44   slack (MET)



==========================================================================
finish critical path target clock latency max path
--------------------------------------------------------------------------
1.0787

==========================================================================
finish critical path target clock latency min path
--------------------------------------------------------------------------
1.0888

==========================================================================
finish critical path source clock latency min path
--------------------------------------------------------------------------
0.0000

==========================================================================
finish critical path delay
--------------------------------------------------------------------------
5.7181

==========================================================================
finish critical path slack
--------------------------------------------------------------------------
0.1944

==========================================================================
finish slack div critical path delay
--------------------------------------------------------------------------
3.399731

==========================================================================
finish report_power
--------------------------------------------------------------------------
Group                  Internal  Switching    Leakage      Total
                          Power      Power      Power      Power (Watts)
----------------------------------------------------------------
Sequential             2.96e-02   9.18e-04   2.88e-08   3.05e-02  45.2%
Combinational          3.69e-03   6.12e-03   3.23e-08   9.81e-03  14.5%
Clock                  1.61e-02   1.11e-02   5.85e-09   2.72e-02  40.3%
Macro                  0.00e+00   0.00e+00   0.00e+00   0.00e+00   0.0%
Pad                    0.00e+00   0.00e+00   0.00e+00   0.00e+00   0.0%
----------------------------------------------------------------
Total                  4.94e-02   1.81e-02   6.69e-08   6.75e-02 100.0%
                          73.2%      26.8%       0.0%
